<?xml version="1.0" encoding="UTF-8"?>
<testsuite xmlns:xsi="http://www.w3.org/2001/XMLSchema-instance" xsi:noNamespaceSchemaLocation="https://maven.apache.org/surefire/maven-surefire-plugin/xsd/surefire-test-report.xsd" name="br.Desafio3.Desafio3ApplicationTests" time="2.592" tests="1" errors="1" skipped="0" failures="0">
  <properties>
[...]
</properties>
  <testcase name="initializationError" classname="br.Desafio3.Desafio3ApplicationTests" time="0.002">
    <error message="Unable to find a @SpringBootConfiguration, you need to use @ContextConfiguration or @SpringBootTest(classes=...) with your test" type="java.lang.IllegalStateException">java.lang.IllegalStateException: Unable to find a @SpringBootConfiguration, you need to use @ContextConfiguration or @SpringBootTest(classes=...) with your test
</error>
    <system-out><![CDATA[12:13:34.564 [main] DEBUG org.springframework.test.context.junit4.SpringJUnit4ClassRunner - SpringJUnit4ClassRunner constructor called with [class br.Desafio3.Desafio3ApplicationTests]
12:13:34.574 [main] DEBUG org.springframework.test.context.BootstrapUtils - Instantiating CacheAwareContextLoaderDelegate from class [org.springframework.test.context.cache.DefaultCacheAwareContextLoaderDelegate]
12:13:34.587 [main] DEBUG org.springframework.test.context.BootstrapUtils - Instantiating BootstrapContext using constructor [public org.springframework.test.context.support.DefaultBootstrapContext(java.lang.Class,org.springframework.test.context.CacheAwareContextLoaderDelegate)]
12:13:34.613 [main] DEBUG org.springframework.test.context.BootstrapUtils - Instantiating TestContextBootstrapper for test class [br.Desafio3.Desafio3ApplicationTests] from class [org.springframework.boot.test.context.SpringBootTestContextBootstrapper]
12:13:34.632 [main] INFO org.springframework.boot.test.context.SpringBootTestContextBootstrapper - Neither @ContextConfiguration nor @ContextHierarchy found for test class [br.Desafio3.Desafio3ApplicationTests], using SpringBootContextLoader
12:13:34.638 [main] DEBUG org.springframework.test.context.support.AbstractContextLoader - Did not detect default resource location for test class [br.Desafio3.Desafio3ApplicationTests]: class path resource [br/Desafio3/Desafio3ApplicationTests-context.xml] does not exist
12:13:34.639 [main] DEBUG org.springframework.test.context.support.AbstractContextLoader - Did not detect default resource location for test class [br.Desafio3.Desafio3ApplicationTests]: class path resource [br/Desafio3/Desafio3ApplicationTestsContext.groovy] does not exist
12:13:34.639 [main] INFO org.springframework.test.context.support.AbstractContextLoader - Could not detect default resource locations for test class [br.Desafio3.Desafio3ApplicationTests]: no resource found for suffixes {-context.xml, Context.groovy}.
12:13:34.640 [main] INFO org.springframework.test.context.support.AnnotationConfigContextLoaderUtils - Could not detect default configuration classes for test class [br.Desafio3.Desafio3ApplicationTests]: Desafio3ApplicationTests does not declare any static, non-private, non-final, nested classes annotated with @Configuration.
12:13:34.702 [main] DEBUG org.springframework.test.context.support.ActiveProfilesUtils - Could not find an 'annotation declaring class' for annotation type [org.springframework.test.context.ActiveProfiles] and class [br.Desafio3.Desafio3ApplicationTests]
12:13:34.715 [main] DEBUG org.springframework.core.env.StandardEnvironment - Adding PropertySource 'systemProperties' with lowest search precedence
12:13:34.716 [main] DEBUG org.springframework.core.env.StandardEnvironment - Adding PropertySource 'systemEnvironment' with lowest search precedence
12:13:34.717 [main] DEBUG org.springframework.core.env.StandardEnvironment - Initialized StandardEnvironment with PropertySources [MapPropertySource@326298949 {name='systemProperties', properties={java.runtime.name=Java(TM) SE Runtime Environment, sun.boot.library.path=C:\Program Files\Java\jdk1.8.0_144\jre\bin, java.vm.version=25.144-b01, java.vm.vendor=Oracle Corporation, java.vendor.url=http://java.oracle.com/, path.separator=;, java.vm.name=Java HotSpot(TM) 64-Bit Server VM, file.encoding.pkg=sun.io, user.country=BR, user.script=, sun.java.launcher=SUN_STANDARD, sun.os.patch.level=, java.vm.specification.name=Java Virtual Machine Specification, user.dir=D:\Faculdade\2018\web\desafio 3\desafio3-spring-heroku-LucianoVelho-master\Desafio3, java.runtime.version=1.8.0_144-b01, basedir=D:\Faculdade\2018\web\desafio 3\desafio3-spring-heroku-LucianoVelho-master\Desafio3, java.awt.graphicsenv=sun.awt.Win32GraphicsEnvironment, java.endorsed.dirs=C:\Program Files\Java\jdk1.8.0_144\jre\lib\endorsed, os.arch=amd64, surefire.real.class.path=C:\Users\KLEITO~1\AppData\Local\Temp\surefire7003738471179349491\surefirebooter670583749764134891.jar, java.io.tmpdir=C:\Users\KLEITO~1\AppData\Local\Temp\, line.separator=
, java.vm.specification.vendor=Oracle Corporation, user.variant=, os.name=Windows 10, maven.ext.class.path=D:\Todos os Programas\64\Netbeans\NetBeans 8.2\java\maven-nblib\netbeans-eventspy.jar, sun.jnu.encoding=Cp1252, java.library.path=C:\Program Files\Java\jdk1.8.0_144\jre\bin;C:\WINDOWS\Sun\Java\bin;C:\WINDOWS\system32;C:\WINDOWS;C:\ProgramData\Boxstarter;C:\Program Files (x86)\Intel\iCLS Client\;C:\Program Files\Intel\iCLS Client\;C:\ProgramData\Oracle\Java\javapath;C:\WINDOWS\system32;C:\WINDOWS;C:\WINDOWS\System32\Wbem;C:\WINDOWS\System32\WindowsPowerShell\v1.0\;C:\Program Files\Java\jdk1.8.0_144\jre\bin\;D:\Todos os Programas\x84\Microsoft SQL Server\130\Tools\Binn\;D:\Todos os Programas\64\Microsoft SQL Server\130\Tools\Binn\;D:\Todos os Programas\64\Microsoft SQL Server\Client SDK\ODBC\130\Tools\Binn\;D:\Todos os Programas\64\Microsoft SQL Server\130\DTS\Binn\;D:\Todos os Programas\x84\Microsoft SQL Server\Client SDK\ODBC\130\Tools\Binn\;D:\Todos os Programas\x84\Microsoft SQL Server\140\Tools\Binn\;D:\Todos os Programas\x84\Microsoft SQL Server\140\DTS\Binn\;D:\Todos os Programas\x84\Microsoft SQL Server\140\Tools\Binn\ManagementStudio\;D:\Todos os Programas\x84\db2client\BIN;D:\Todos os Programas\x84\db2client\FUNCTION;C:\Program Files\Intel\Intel(R) Management Engine Components\DAL;C:\Program Files\Intel\Intel(R) Management Engine Components\IPT;C:\Program Files (x86)\Intel\Intel(R) Management Engine Components\DAL;C:\Program Files (x86)\Intel\Intel(R) Management Engine Components\IPT;D:\Todos os Programas\64\Git\Git\cmd;C:\WINDOWS\System32\OpenSSH\;D:\Todos os Programas\64\yarn\bin\;C:\ProgramData\chocolatey\bin;C:\Program Files (x86)\ATI Technologies\ATI.ACE\Core-Static;D:\Todos os Programas\64\node\;C:\Users\Kleiton Bonin\AppData\Local\Microsoft\WindowsApps;C:\Users\Kleiton Bonin\AppData\Local\GitHubDesktop\bin;C:\Users\Kleiton Bonin\AppData\Local\Microsoft\WindowsApps;C:\Users\Kleiton Bonin\AppData\Local\Yarn\bin;D:\Todos os Programas\64\heroku\bin;C:\Users\Kleiton Bonin\AppData\Roaming\npm;., surefire.test.class.path=D:\Faculdade\2018\web\desafio 3\desafio3-spring-heroku-LucianoVelho-master\Desafio3\target\test-classes;D:\Faculdade\2018\web\desafio 3\desafio3-spring-heroku-LucianoVelho-master\Desafio3\target\classes;C:\Users\Kleiton Bonin\.m2\repository\org\springframework\boot\spring-boot-starter-data-jpa\2.0.5.RELEASE\spring-boot-starter-data-jpa-2.0.5.RELEASE.jar;C:\Users\Kleiton Bonin\.m2\repository\org\springframework\boot\spring-boot-starter\2.0.5.RELEASE\spring-boot-starter-2.0.5.RELEASE.jar;C:\Users\Kleiton Bonin\.m2\repository\org\springframework\boot\spring-boot\2.0.5.RELEASE\spring-boot-2.0.5.RELEASE.jar;C:\Users\Kleiton Bonin\.m2\repository\org\springframework\boot\spring-boot-autoconfigure\2.0.5.RELEASE\spring-boot-autoconfigure-2.0.5.RELEASE.jar;C:\Users\Kleiton Bonin\.m2\repository\org\springframework\boot\spring-boot-starter-logging\2.0.5.RELEASE\spring-boot-starter-logging-2.0.5.RELEASE.jar;C:\Users\Kleiton Bonin\.m2\repository\ch\qos\logback\logback-classic\1.2.3\logback-classic-1.2.3.jar;C:\Users\Kleiton Bonin\.m2\repository\ch\qos\logback\logback-core\1.2.3\logback-core-1.2.3.jar;C:\Users\Kleiton Bonin\.m2\repository\org\apache\logging\log4j\log4j-to-slf4j\2.10.0\log4j-to-slf4j-2.10.0.jar;C:\Users\Kleiton Bonin\.m2\repository\org\apache\logging\log4j\log4j-api\2.10.0\log4j-api-2.10.0.jar;C:\Users\Kleiton Bonin\.m2\repository\org\slf4j\jul-to-slf4j\1.7.25\jul-to-slf4j-1.7.25.jar;C:\Users\Kleiton Bonin\.m2\repository\javax\annotation\javax.annotation-api\1.3.2\javax.annotation-api-1.3.2.jar;C:\Users\Kleiton Bonin\.m2\repository\org\yaml\snakeyaml\1.19\snakeyaml-1.19.jar;C:\Users\Kleiton Bonin\.m2\repository\org\springframework\boot\spring-boot-starter-aop\2.0.5.RELEASE\spring-boot-starter-aop-2.0.5.RELEASE.jar;C:\Users\Kleiton Bonin\.m2\repository\org\springframework\spring-aop\5.0.9.RELEASE\spring-aop-5.0.9.RELEASE.jar;C:\Users\Kleiton Bonin\.m2\repository\org\aspectj\aspectjweaver\1.8.13\aspectjweaver-1.8.13.jar;C:\Users\Kleiton Bonin\.m2\repository\org\springframework\boot\spring-boot-starter-jdbc\2.0.5.RELEASE\spring-boot-starter-jdbc-2.0.5.RELEASE.jar;C:\Users\Kleiton Bonin\.m2\repository\com\zaxxer\HikariCP\2.7.9\HikariCP-2.7.9.jar;C:\Users\Kleiton Bonin\.m2\repository\org\springframework\spring-jdbc\5.0.9.RELEASE\spring-jdbc-5.0.9.RELEASE.jar;C:\Users\Kleiton Bonin\.m2\repository\javax\transaction\javax.transaction-api\1.2\javax.transaction-api-1.2.jar;C:\Users\Kleiton Bonin\.m2\repository\org\hibernate\hibernate-core\5.2.17.Final\hibernate-core-5.2.17.Final.jar;C:\Users\Kleiton Bonin\.m2\repository\org\jboss\logging\jboss-logging\3.3.2.Final\jboss-logging-3.3.2.Final.jar;C:\Users\Kleiton Bonin\.m2\repository\org\hibernate\javax\persistence\hibernate-jpa-2.1-api\1.0.2.Final\hibernate-jpa-2.1-api-1.0.2.Final.jar;C:\Users\Kleiton Bonin\.m2\repository\org\javassist\javassist\3.22.0-GA\javassist-3.22.0-GA.jar;C:\Users\Kleiton Bonin\.m2\repository\antlr\antlr\2.7.7\antlr-2.7.7.jar;C:\Users\Kleiton Bonin\.m2\repository\org\jboss\jandex\2.0.3.Final\jandex-2.0.3.Final.jar;C:\Users\Kleiton Bonin\.m2\repository\com\fasterxml\classmate\1.3.4\classmate-1.3.4.jar;C:\Users\Kleiton Bonin\.m2\repository\dom4j\dom4j\1.6.1\dom4j-1.6.1.jar;C:\Users\Kleiton Bonin\.m2\repository\org\hibernate\common\hibernate-commons-annotations\5.0.1.Final\hibernate-commons-annotations-5.0.1.Final.jar;C:\Users\Kleiton Bonin\.m2\repository\org\springframework\data\spring-data-jpa\2.0.10.RELEASE\spring-data-jpa-2.0.10.RELEASE.jar;C:\Users\Kleiton Bonin\.m2\repository\org\springframework\data\spring-data-commons\2.0.10.RELEASE\spring-data-commons-2.0.10.RELEASE.jar;C:\Users\Kleiton Bonin\.m2\repository\org\springframework\spring-orm\5.0.9.RELEASE\spring-orm-5.0.9.RELEASE.jar;C:\Users\Kleiton Bonin\.m2\repository\org\springframework\spring-context\5.0.9.RELEASE\spring-context-5.0.9.RELEASE.jar;C:\Users\Kleiton Bonin\.m2\repository\org\springframework\spring-tx\5.0.9.RELEASE\spring-tx-5.0.9.RELEASE.jar;C:\Users\Kleiton Bonin\.m2\repository\org\springframework\spring-beans\5.0.9.RELEASE\spring-beans-5.0.9.RELEASE.jar;C:\Users\Kleiton Bonin\.m2\repository\org\slf4j\slf4j-api\1.7.25\slf4j-api-1.7.25.jar;C:\Users\Kleiton Bonin\.m2\repository\org\springframework\spring-aspects\5.0.9.RELEASE\spring-aspects-5.0.9.RELEASE.jar;C:\Users\Kleiton Bonin\.m2\repository\org\springframework\boot\spring-boot-starter-web\2.0.5.RELEASE\spring-boot-starter-web-2.0.5.RELEASE.jar;C:\Users\Kleiton Bonin\.m2\repository\org\springframework\boot\spring-boot-starter-json\2.0.5.RELEASE\spring-boot-starter-json-2.0.5.RELEASE.jar;C:\Users\Kleiton Bonin\.m2\repository\com\fasterxml\jackson\core\jackson-databind\2.9.6\jackson-databind-2.9.6.jar;C:\Users\Kleiton Bonin\.m2\repository\com\fasterxml\jackson\core\jackson-annotations\2.9.0\jackson-annotations-2.9.0.jar;C:\Users\Kleiton Bonin\.m2\repository\com\fasterxml\jackson\core\jackson-core\2.9.6\jackson-core-2.9.6.jar;C:\Users\Kleiton Bonin\.m2\repository\com\fasterxml\jackson\datatype\jackson-datatype-jdk8\2.9.6\jackson-datatype-jdk8-2.9.6.jar;C:\Users\Kleiton Bonin\.m2\repository\com\fasterxml\jackson\datatype\jackson-datatype-jsr310\2.9.6\jackson-datatype-jsr310-2.9.6.jar;C:\Users\Kleiton Bonin\.m2\repository\com\fasterxml\jackson\module\jackson-module-parameter-names\2.9.6\jackson-module-parameter-names-2.9.6.jar;C:\Users\Kleiton Bonin\.m2\repository\org\springframework\boot\spring-boot-starter-tomcat\2.0.5.RELEASE\spring-boot-starter-tomcat-2.0.5.RELEASE.jar;C:\Users\Kleiton Bonin\.m2\repository\org\apache\tomcat\embed\tomcat-embed-core\8.5.34\tomcat-embed-core-8.5.34.jar;C:\Users\Kleiton Bonin\.m2\repository\org\apache\tomcat\embed\tomcat-embed-el\8.5.34\tomcat-embed-el-8.5.34.jar;C:\Users\Kleiton Bonin\.m2\repository\org\apache\tomcat\embed\tomcat-embed-websocket\8.5.34\tomcat-embed-websocket-8.5.34.jar;C:\Users\Kleiton Bonin\.m2\repository\org\hibernate\validator\hibernate-validator\6.0.12.Final\hibernate-validator-6.0.12.Final.jar;C:\Users\Kleiton Bonin\.m2\repository\javax\validation\validation-api\2.0.1.Final\validation-api-2.0.1.Final.jar;C:\Users\Kleiton Bonin\.m2\repository\org\springframework\spring-web\5.0.9.RELEASE\spring-web-5.0.9.RELEASE.jar;C:\Users\Kleiton Bonin\.m2\repository\org\springframework\spring-webmvc\5.0.9.RELEASE\spring-webmvc-5.0.9.RELEASE.jar;C:\Users\Kleiton Bonin\.m2\repository\org\springframework\spring-expression\5.0.9.RELEASE\spring-expression-5.0.9.RELEASE.jar;C:\Users\Kleiton Bonin\.m2\repository\org\postgresql\postgresql\42.2.5\postgresql-42.2.5.jar;C:\Users\Kleiton Bonin\.m2\repository\org\springframework\boot\spring-boot-starter-test\2.0.5.RELEASE\spring-boot-starter-test-2.0.5.RELEASE.jar;C:\Users\Kleiton Bonin\.m2\repository\org\springframework\boot\spring-boot-test\2.0.5.RELEASE\spring-boot-test-2.0.5.RELEASE.jar;C:\Users\Kleiton Bonin\.m2\repository\org\springframework\boot\spring-boot-test-autoconfigure\2.0.5.RELEASE\spring-boot-test-autoconfigure-2.0.5.RELEASE.jar;C:\Users\Kleiton Bonin\.m2\repository\com\jayway\jsonpath\json-path\2.4.0\json-path-2.4.0.jar;C:\Users\Kleiton Bonin\.m2\repository\net\minidev\json-smart\2.3\json-smart-2.3.jar;C:\Users\Kleiton Bonin\.m2\repository\net\minidev\accessors-smart\1.2\accessors-smart-1.2.jar;C:\Users\Kleiton Bonin\.m2\repository\org\ow2\asm\asm\5.0.4\asm-5.0.4.jar;C:\Users\Kleiton Bonin\.m2\repository\junit\junit\4.12\junit-4.12.jar;C:\Users\Kleiton Bonin\.m2\repository\org\assertj\assertj-core\3.9.1\assertj-core-3.9.1.jar;C:\Users\Kleiton Bonin\.m2\repository\org\mockito\mockito-core\2.15.0\mockito-core-2.15.0.jar;C:\Users\Kleiton Bonin\.m2\repository\net\bytebuddy\byte-buddy\1.7.11\byte-buddy-1.7.11.jar;C:\Users\Kleiton Bonin\.m2\repository\net\bytebuddy\byte-buddy-agent\1.7.11\byte-buddy-agent-1.7.11.jar;C:\Users\Kleiton Bonin\.m2\repository\org\objenesis\objenesis\2.6\objenesis-2.6.jar;C:\Users\Kleiton Bonin\.m2\repository\org\hamcrest\hamcrest-core\1.3\hamcrest-core-1.3.jar;C:\Users\Kleiton Bonin\.m2\repository\org\hamcrest\hamcrest-library\1.3\hamcrest-library-1.3.jar;C:\Users\Kleiton Bonin\.m2\repository\org\skyscreamer\jsonassert\1.5.0\jsonassert-1.5.0.jar;C:\Users\Kleiton Bonin\.m2\repository\com\vaadin\external\google\android-json\0.0.20131108.vaadin1\android-json-0.0.20131108.vaadin1.jar;C:\Users\Kleiton Bonin\.m2\repository\org\springframework\spring-core\5.0.9.RELEASE\spring-core-5.0.9.RELEASE.jar;C:\Users\Kleiton Bonin\.m2\repository\org\springframework\spring-jcl\5.0.9.RELEASE\spring-jcl-5.0.9.RELEASE.jar;C:\Users\Kleiton Bonin\.m2\repository\org\springframework\spring-test\5.0.9.RELEASE\spring-test-5.0.9.RELEASE.jar;C:\Users\Kleiton Bonin\.m2\repository\org\xmlunit\xmlunit-core\2.5.1\xmlunit-core-2.5.1.jar;C:\Users\Kleiton Bonin\.m2\repository\javax\ws\rs\javax.ws.rs-api\2.1\javax.ws.rs-api-2.1.jar;C:\Users\Kleiton Bonin\.m2\repository\javax\javaee-web-api\7.0\javaee-web-api-7.0.jar;, java.specification.name=Java Platform API Specification, java.class.version=52.0, sun.management.compiler=HotSpot 64-Bit Tiered Compilers, os.version=10.0, user.home=C:\Users\Kleiton Bonin, user.timezone=GMT-03:00, java.awt.printerjob=sun.awt.windows.WPrinterJob, file.encoding=UTF-8, java.specification.version=1.8, java.class.path=D:\Faculdade\2018\web\desafio 3\desafio3-spring-heroku-LucianoVelho-master\Desafio3\target\test-classes;D:\Faculdade\2018\web\desafio 3\desafio3-spring-heroku-LucianoVelho-master\Desafio3\target\classes;C:\Users\Kleiton Bonin\.m2\repository\org\springframework\boot\spring-boot-starter-data-jpa\2.0.5.RELEASE\spring-boot-starter-data-jpa-2.0.5.RELEASE.jar;C:\Users\Kleiton Bonin\.m2\repository\org\springframework\boot\spring-boot-starter\2.0.5.RELEASE\spring-boot-starter-2.0.5.RELEASE.jar;C:\Users\Kleiton Bonin\.m2\repository\org\springframework\boot\spring-boot\2.0.5.RELEASE\spring-boot-2.0.5.RELEASE.jar;C:\Users\Kleiton Bonin\.m2\repository\org\springframework\boot\spring-boot-autoconfigure\2.0.5.RELEASE\spring-boot-autoconfigure-2.0.5.RELEASE.jar;C:\Users\Kleiton Bonin\.m2\repository\org\springframework\boot\spring-boot-starter-logging\2.0.5.RELEASE\spring-boot-starter-logging-2.0.5.RELEASE.jar;C:\Users\Kleiton Bonin\.m2\repository\ch\qos\logback\logback-classic\1.2.3\logback-classic-1.2.3.jar;C:\Users\Kleiton Bonin\.m2\repository\ch\qos\logback\logback-core\1.2.3\logback-core-1.2.3.jar;C:\Users\Kleiton Bonin\.m2\repository\org\apache\logging\log4j\log4j-to-slf4j\2.10.0\log4j-to-slf4j-2.10.0.jar;C:\Users\Kleiton Bonin\.m2\repository\org\apache\logging\log4j\log4j-api\2.10.0\log4j-api-2.10.0.jar;C:\Users\Kleiton Bonin\.m2\repository\org\slf4j\jul-to-slf4j\1.7.25\jul-to-slf4j-1.7.25.jar;C:\Users\Kleiton Bonin\.m2\repository\javax\annotation\javax.annotation-api\1.3.2\javax.annotation-api-1.3.2.jar;C:\Users\Kleiton Bonin\.m2\repository\org\yaml\snakeyaml\1.19\snakeyaml-1.19.jar;C:\Users\Kleiton Bonin\.m2\repository\org\springframework\boot\spring-boot-starter-aop\2.0.5.RELEASE\spring-boot-starter-aop-2.0.5.RELEASE.jar;C:\Users\Kleiton Bonin\.m2\repository\org\springframework\spring-aop\5.0.9.RELEASE\spring-aop-5.0.9.RELEASE.jar;C:\Users\Kleiton Bonin\.m2\repository\org\aspectj\aspectjweaver\1.8.13\aspectjweaver-1.8.13.jar;C:\Users\Kleiton Bonin\.m2\repository\org\springframework\boot\spring-boot-starter-jdbc\2.0.5.RELEASE\spring-boot-starter-jdbc-2.0.5.RELEASE.jar;C:\Users\Kleiton Bonin\.m2\repository\com\zaxxer\HikariCP\2.7.9\HikariCP-2.7.9.jar;C:\Users\Kleiton Bonin\.m2\repository\org\springframework\spring-jdbc\5.0.9.RELEASE\spring-jdbc-5.0.9.RELEASE.jar;C:\Users\Kleiton Bonin\.m2\repository\javax\transaction\javax.transaction-api\1.2\javax.transaction-api-1.2.jar;C:\Users\Kleiton Bonin\.m2\repository\org\hibernate\hibernate-core\5.2.17.Final\hibernate-core-5.2.17.Final.jar;C:\Users\Kleiton Bonin\.m2\repository\org\jboss\logging\jboss-logging\3.3.2.Final\jboss-logging-3.3.2.Final.jar;C:\Users\Kleiton Bonin\.m2\repository\org\hibernate\javax\persistence\hibernate-jpa-2.1-api\1.0.2.Final\hibernate-jpa-2.1-api-1.0.2.Final.jar;C:\Users\Kleiton Bonin\.m2\repository\org\javassist\javassist\3.22.0-GA\javassist-3.22.0-GA.jar;C:\Users\Kleiton Bonin\.m2\repository\antlr\antlr\2.7.7\antlr-2.7.7.jar;C:\Users\Kleiton Bonin\.m2\repository\org\jboss\jandex\2.0.3.Final\jandex-2.0.3.Final.jar;C:\Users\Kleiton Bonin\.m2\repository\com\fasterxml\classmate\1.3.4\classmate-1.3.4.jar;C:\Users\Kleiton Bonin\.m2\repository\dom4j\dom4j\1.6.1\dom4j-1.6.1.jar;C:\Users\Kleiton Bonin\.m2\repository\org\hibernate\common\hibernate-commons-annotations\5.0.1.Final\hibernate-commons-annotations-5.0.1.Final.jar;C:\Users\Kleiton Bonin\.m2\repository\org\springframework\data\spring-data-jpa\2.0.10.RELEASE\spring-data-jpa-2.0.10.RELEASE.jar;C:\Users\Kleiton Bonin\.m2\repository\org\springframework\data\spring-data-commons\2.0.10.RELEASE\spring-data-commons-2.0.10.RELEASE.jar;C:\Users\Kleiton Bonin\.m2\repository\org\springframework\spring-orm\5.0.9.RELEASE\spring-orm-5.0.9.RELEASE.jar;C:\Users\Kleiton Bonin\.m2\repository\org\springframework\spring-context\5.0.9.RELEASE\spring-context-5.0.9.RELEASE.jar;C:\Users\Kleiton Bonin\.m2\repository\org\springframework\spring-tx\5.0.9.RELEASE\spring-tx-5.0.9.RELEASE.jar;C:\Users\Kleiton Bonin\.m2\repository\org\springframework\spring-beans\5.0.9.RELEASE\spring-beans-5.0.9.RELEASE.jar;C:\Users\Kleiton Bonin\.m2\repository\org\slf4j\slf4j-api\1.7.25\slf4j-api-1.7.25.jar;C:\Users\Kleiton Bonin\.m2\repository\org\springframework\spring-aspects\5.0.9.RELEASE\spring-aspects-5.0.9.RELEASE.jar;C:\Users\Kleiton Bonin\.m2\repository\org\springframework\boot\spring-boot-starter-web\2.0.5.RELEASE\spring-boot-starter-web-2.0.5.RELEASE.jar;C:\Users\Kleiton Bonin\.m2\repository\org\springframework\boot\spring-boot-starter-json\2.0.5.RELEASE\spring-boot-starter-json-2.0.5.RELEASE.jar;C:\Users\Kleiton Bonin\.m2\repository\com\fasterxml\jackson\core\jackson-databind\2.9.6\jackson-databind-2.9.6.jar;C:\Users\Kleiton Bonin\.m2\repository\com\fasterxml\jackson\core\jackson-annotations\2.9.0\jackson-annotations-2.9.0.jar;C:\Users\Kleiton Bonin\.m2\repository\com\fasterxml\jackson\core\jackson-core\2.9.6\jackson-core-2.9.6.jar;C:\Users\Kleiton Bonin\.m2\repository\com\fasterxml\jackson\datatype\jackson-datatype-jdk8\2.9.6\jackson-datatype-jdk8-2.9.6.jar;C:\Users\Kleiton Bonin\.m2\repository\com\fasterxml\jackson\datatype\jackson-datatype-jsr310\2.9.6\jackson-datatype-jsr310-2.9.6.jar;C:\Users\Kleiton Bonin\.m2\repository\com\fasterxml\jackson\module\jackson-module-parameter-names\2.9.6\jackson-module-parameter-names-2.9.6.jar;C:\Users\Kleiton Bonin\.m2\repository\org\springframework\boot\spring-boot-starter-tomcat\2.0.5.RELEASE\spring-boot-starter-tomcat-2.0.5.RELEASE.jar;C:\Users\Kleiton Bonin\.m2\repository\org\apache\tomcat\embed\tomcat-embed-core\8.5.34\tomcat-embed-core-8.5.34.jar;C:\Users\Kleiton Bonin\.m2\repository\org\apache\tomcat\embed\tomcat-embed-el\8.5.34\tomcat-embed-el-8.5.34.jar;C:\Users\Kleiton Bonin\.m2\repository\org\apache\tomcat\embed\tomcat-embed-websocket\8.5.34\tomcat-embed-websocket-8.5.34.jar;C:\Users\Kleiton Bonin\.m2\repository\org\hibernate\validator\hibernate-validator\6.0.12.Final\hibernate-validator-6.0.12.Final.jar;C:\Users\Kleiton Bonin\.m2\repository\javax\validation\validation-api\2.0.1.Final\validation-api-2.0.1.Final.jar;C:\Users\Kleiton Bonin\.m2\repository\org\springframework\spring-web\5.0.9.RELEASE\spring-web-5.0.9.RELEASE.jar;C:\Users\Kleiton Bonin\.m2\repository\org\springframework\spring-webmvc\5.0.9.RELEASE\spring-webmvc-5.0.9.RELEASE.jar;C:\Users\Kleiton Bonin\.m2\repository\org\springframework\spring-expression\5.0.9.RELEASE\spring-expression-5.0.9.RELEASE.jar;C:\Users\Kleiton Bonin\.m2\repository\org\postgresql\postgresql\42.2.5\postgresql-42.2.5.jar;C:\Users\Kleiton Bonin\.m2\repository\org\springframework\boot\spring-boot-starter-test\2.0.5.RELEASE\spring-boot-starter-test-2.0.5.RELEASE.jar;C:\Users\Kleiton Bonin\.m2\repository\org\springframework\boot\spring-boot-test\2.0.5.RELEASE\spring-boot-test-2.0.5.RELEASE.jar;C:\Users\Kleiton Bonin\.m2\repository\org\springframework\boot\spring-boot-test-autoconfigure\2.0.5.RELEASE\spring-boot-test-autoconfigure-2.0.5.RELEASE.jar;C:\Users\Kleiton Bonin\.m2\repository\com\jayway\jsonpath\json-path\2.4.0\json-path-2.4.0.jar;C:\Users\Kleiton Bonin\.m2\repository\net\minidev\json-smart\2.3\json-smart-2.3.jar;C:\Users\Kleiton Bonin\.m2\repository\net\minidev\accessors-smart\1.2\accessors-smart-1.2.jar;C:\Users\Kleiton Bonin\.m2\repository\org\ow2\asm\asm\5.0.4\asm-5.0.4.jar;C:\Users\Kleiton Bonin\.m2\repository\junit\junit\4.12\junit-4.12.jar;C:\Users\Kleiton Bonin\.m2\repository\org\assertj\assertj-core\3.9.1\assertj-core-3.9.1.jar;C:\Users\Kleiton Bonin\.m2\repository\org\mockito\mockito-core\2.15.0\mockito-core-2.15.0.jar;C:\Users\Kleiton Bonin\.m2\repository\net\bytebuddy\byte-buddy\1.7.11\byte-buddy-1.7.11.jar;C:\Users\Kleiton Bonin\.m2\repository\net\bytebuddy\byte-buddy-agent\1.7.11\byte-buddy-agent-1.7.11.jar;C:\Users\Kleiton Bonin\.m2\repository\org\objenesis\objenesis\2.6\objenesis-2.6.jar;C:\Users\Kleiton Bonin\.m2\repository\org\hamcrest\hamcrest-core\1.3\hamcrest-core-1.3.jar;C:\Users\Kleiton Bonin\.m2\repository\org\hamcrest\hamcrest-library\1.3\hamcrest-library-1.3.jar;C:\Users\Kleiton Bonin\.m2\repository\org\skyscreamer\jsonassert\1.5.0\jsonassert-1.5.0.jar;C:\Users\Kleiton Bonin\.m2\repository\com\vaadin\external\google\android-json\0.0.20131108.vaadin1\android-json-0.0.20131108.vaadin1.jar;C:\Users\Kleiton Bonin\.m2\repository\org\springframework\spring-core\5.0.9.RELEASE\spring-core-5.0.9.RELEASE.jar;C:\Users\Kleiton Bonin\.m2\repository\org\springframework\spring-jcl\5.0.9.RELEASE\spring-jcl-5.0.9.RELEASE.jar;C:\Users\Kleiton Bonin\.m2\repository\org\springframework\spring-test\5.0.9.RELEASE\spring-test-5.0.9.RELEASE.jar;C:\Users\Kleiton Bonin\.m2\repository\org\xmlunit\xmlunit-core\2.5.1\xmlunit-core-2.5.1.jar;C:\Users\Kleiton Bonin\.m2\repository\javax\ws\rs\javax.ws.rs-api\2.1\javax.ws.rs-api-2.1.jar;C:\Users\Kleiton Bonin\.m2\repository\javax\javaee-web-api\7.0\javaee-web-api-7.0.jar;, user.name=Kleiton Bonin, java.vm.specification.version=1.8, sun.java.command=C:\Users\KLEITO~1\AppData\Local\Temp\surefire7003738471179349491\surefirebooter670583749764134891.jar C:\Users\Kleiton Bonin\AppData\Local\Temp\surefire7003738471179349491 2018-12-01T12-13-32_593-jvmRun1 surefire6345748830454293175tmp surefire_05066991625009122152tmp, java.home=C:\Program Files\Java\jdk1.8.0_144\jre, sun.arch.data.model=64, user.language=pt, java.specification.vendor=Oracle Corporation, awt.toolkit=sun.awt.windows.WToolkit, java.vm.info=mixed mode, java.version=1.8.0_144, java.ext.dirs=C:\Program Files\Java\jdk1.8.0_144\jre\lib\ext;C:\WINDOWS\Sun\Java\lib\ext, sun.boot.class.path=C:\Program Files\Java\jdk1.8.0_144\jre\lib\resources.jar;C:\Program Files\Java\jdk1.8.0_144\jre\lib\rt.jar;C:\Program Files\Java\jdk1.8.0_144\jre\lib\sunrsasign.jar;C:\Program Files\Java\jdk1.8.0_144\jre\lib\jsse.jar;C:\Program Files\Java\jdk1.8.0_144\jre\lib\jce.jar;C:\Program Files\Java\jdk1.8.0_144\jre\lib\charsets.jar;C:\Program Files\Java\jdk1.8.0_144\jre\lib\jfr.jar;C:\Program Files\Java\jdk1.8.0_144\jre\classes, java.vendor=Oracle Corporation, localRepository=C:\Users\Kleiton Bonin\.m2\repository, file.separator=\, java.vendor.url.bug=http://bugreport.sun.com/bugreport/, sun.io.unicode.encoding=UnicodeLittle, sun.cpu.endian=little, sun.desktop=windows, sun.cpu.isalist=amd64}}, SystemEnvironmentPropertySource@1786364562 {name='systemEnvironment', properties={PATH=C:\ProgramData\Boxstarter;C:\Program Files (x86)\Intel\iCLS Client\;C:\Program Files\Intel\iCLS Client\;C:\ProgramData\Oracle\Java\javapath;C:\WINDOWS\system32;C:\WINDOWS;C:\WINDOWS\System32\Wbem;C:\WINDOWS\System32\WindowsPowerShell\v1.0\;C:\Program Files\Java\jdk1.8.0_144\jre\bin\;D:\Todos os Programas\x84\Microsoft SQL Server\130\Tools\Binn\;D:\Todos os Programas\64\Microsoft SQL Server\130\Tools\Binn\;D:\Todos os Programas\64\Microsoft SQL Server\Client SDK\ODBC\130\Tools\Binn\;D:\Todos os Programas\64\Microsoft SQL Server\130\DTS\Binn\;D:\Todos os Programas\x84\Microsoft SQL Server\Client SDK\ODBC\130\Tools\Binn\;D:\Todos os Programas\x84\Microsoft SQL Server\140\Tools\Binn\;D:\Todos os Programas\x84\Microsoft SQL Server\140\DTS\Binn\;D:\Todos os Programas\x84\Microsoft SQL Server\140\Tools\Binn\ManagementStudio\;D:\Todos os Programas\x84\db2client\BIN;D:\Todos os Programas\x84\db2client\FUNCTION;C:\Program Files\Intel\Intel(R) Management Engine Components\DAL;C:\Program Files\Intel\Intel(R) Management Engine Components\IPT;C:\Program Files (x86)\Intel\Intel(R) Management Engine Components\DAL;C:\Program Files (x86)\Intel\Intel(R) Management Engine Components\IPT;D:\Todos os Programas\64\Git\Git\cmd;C:\WINDOWS\System32\OpenSSH\;D:\Todos os Programas\64\yarn\bin\;C:\ProgramData\chocolatey\bin;C:\Program Files (x86)\ATI Technologies\ATI.ACE\Core-Static;D:\Todos os Programas\64\node\;C:\Users\Kleiton Bonin\AppData\Local\Microsoft\WindowsApps;C:\Users\Kleiton Bonin\AppData\Local\GitHubDesktop\bin;C:\Users\Kleiton Bonin\AppData\Local\Microsoft\WindowsApps;C:\Users\Kleiton Bonin\AppData\Local\Yarn\bin;D:\Todos os Programas\64\heroku\bin;C:\Users\Kleiton Bonin\AppData\Roaming\npm, USERDOMAIN_ROAMINGPROFILE=Bonin, PROCESSOR_LEVEL=6, SYSTEMDRIVE=C:, FP_NO_HOST_CHECK=NO, POSTGIS_GDAL_ENABLED_DRIVERS=GTiff PNG JPEG GIF XYZ DTED USGSDEM AAIGrid, SESSIONNAME=Console, ALLUSERSPROFILE=C:\ProgramData, GDAL_DATA=D:\Todos os Programas\64\Postgre\sql10\gdal-data, PROCESSOR_ARCHITECTURE=AMD64, DRIVERDATA=C:\Windows\System32\Drivers\DriverData, MAVEN_HOME=D:\Todos os Programas\64\apache-maven-3.5.4\bin\.., NB_EXEC_MAVEN_PROCESS_UUID=8803054c-8ace-4a4e-9006-198ce0bc8bfb, PROGRAMFILES=C:\Program Files, POSTGIS_ENABLE_OUTDB_RASTERS=1, PSMODULEPATH=C:\Users\Kleiton Bonin\Documents\WindowsPowerShell\Modules, PROGRAMDATA=C:\ProgramData, CHOCOLATEYLASTPATHUPDATE=dom jun 24 11:03:34 2018, USERNAME=Kleiton Bonin, WDIR=D:\Faculdade\2018\web\desafio 3\desafio3-spring-heroku-LucianoVelho-master\Desafio3, ONEDRIVE=D:\OneDrive, PATHEXT=.COM;.EXE;.BAT;.CMD;.VBS;.VBE;.JS;.JSE;.WSF;.WSH;.MSC, CLASSWORLDS_JAR="D:\Todos os Programas\64\apache-maven-3.5.4\bin\..\boot\plexus-classworlds-2.5.2.jar", WINDIR=C:\WINDOWS, HOMEPATH=\Users\Kleiton Bonin, PROCESSOR_IDENTIFIER=Intel64 Family 6 Model 58 Stepping 9, GenuineIntel, WINDOWS_TRACING_LOGFILE=C:\BVTBin\Tests\installpackage\csilogfile.log, M2_HOME=D:\Todos os Programas\64\apache-maven-3.5.4, PUBLIC=C:\Users\Public, =::=::\, DB2INSTANCE=DB2, OPENSSL_CONF=D:\Todos os Programas\64\postgreSQL\psqlODBC\etc\openssl.cnf, LOCALAPPDATA=C:\Users\Kleiton Bonin\AppData\Local, COMMONPROGRAMFILES(X86)=C:\Program Files (x86)\Common Files, USERDOMAIN=Bonin, LOGONSERVER=\\BONIN, JAVA_HOME=C:\Program Files\Java\jdk1.8.0_144, PROMPT=$P$G, PROGRAMFILES(X86)=C:\Program Files (x86), ERROR_CODE=0, EXEC_DIR=D:\Faculdade\2018\web\desafio 3\desafio3-spring-heroku-LucianoVelho-master\Desafio3, WINDOWS_TRACING_FLAGS=3, APPDATA=C:\Users\Kleiton Bonin\AppData\Roaming, PROGRAMW6432=C:\Program Files, SYSTEMROOT=C:\WINDOWS, CHOCOLATEYINSTALL=C:\ProgramData\chocolatey, MAVEN_CMD_LINE_ARGS=-Dmaven.ext.class.path="D:\Todos os Programas\64\Netbeans\NetBeans 8.2\java\maven-nblib\netbeans-eventspy.jar" -Dfile.encoding=UTF-8 install, OS=Windows_NT, COMMONPROGRAMW6432=C:\Program Files\Common Files, COMPUTERNAME=BONIN, COMMONPROGRAMFILES=C:\Program Files\Common Files, COMSPEC=C:\WINDOWS\system32\cmd.exe, DB2TEMPDIR=D:\Todos os Programas\x84\db2client\, JAVACMD=C:\Program Files\Java\jdk1.8.0_144\bin\java.exe, MAVEN_PROJECTBASEDIR=D:\Faculdade\2018\web\desafio 3\desafio3-spring-heroku-LucianoVelho-master\Desafio3, PROCESSOR_REVISION=3a09, CLASSPATH=.;D:\Todos os Programas\x84\db2client\java\db2java.zip;D:\Todos os Programas\x84\db2client\java\db2jcc.jar;D:\Todos os Programas\x84\db2client\java\db2jcc_license_cu.jar;D:\Todos os Programas\x84\db2client\bin, CLASSWORLDS_LAUNCHER=org.codehaus.plexus.classworlds.launcher.Launcher, =D:=D:\Faculdade\2018\web\desafio 3\desafio3-spring-heroku-LucianoVelho-master\Desafio3, TEMP=C:\Users\KLEITO~1\AppData\Local\Temp, HOMEDRIVE=C:, USERPROFILE=C:\Users\Kleiton Bonin, TMP=C:\Users\KLEITO~1\AppData\Local\Temp, NUMBER_OF_PROCESSORS=8, JVMCONFIG=\.mvn\jvm.config}}]
12:13:34.751 [main] DEBUG org.springframework.core.io.support.PathMatchingResourcePatternResolver - Resolved classpath location [br/Desafio3/] to resources [URL [file:/D:/Faculdade/2018/web/desafio%203/desafio3-spring-heroku-LucianoVelho-master/Desafio3/target/test-classes/br/Desafio3/]]
12:13:34.752 [main] DEBUG org.springframework.core.io.support.PathMatchingResourcePatternResolver - Looking for matching resources in directory tree [D:\Faculdade\2018\web\desafio 3\desafio3-spring-heroku-LucianoVelho-master\Desafio3\target\test-classes\br\Desafio3]
12:13:34.752 [main] DEBUG org.springframework.core.io.support.PathMatchingResourcePatternResolver - Searching directory [D:\Faculdade\2018\web\desafio 3\desafio3-spring-heroku-LucianoVelho-master\Desafio3\target\test-classes\br\Desafio3] for files matching pattern [D:/Faculdade/2018/web/desafio 3/desafio3-spring-heroku-LucianoVelho-master/Desafio3/target/test-classes/br/Desafio3/*.class]
12:13:34.757 [main] DEBUG org.springframework.core.io.support.PathMatchingResourcePatternResolver - Resolved location pattern [classpath*:br/Desafio3/*.class] to resources [file [D:\Faculdade\2018\web\desafio 3\desafio3-spring-heroku-LucianoVelho-master\Desafio3\target\test-classes\br\Desafio3\Desafio3ApplicationTests.class]]
12:13:34.801 [main] DEBUG org.springframework.core.io.support.PathMatchingResourcePatternResolver - Resolved classpath location [br/] to resources [URL [file:/D:/Faculdade/2018/web/desafio%203/desafio3-spring-heroku-LucianoVelho-master/Desafio3/target/test-classes/br/], URL [file:/D:/Faculdade/2018/web/desafio%203/desafio3-spring-heroku-LucianoVelho-master/Desafio3/target/classes/br/]]
12:13:34.801 [main] DEBUG org.springframework.core.io.support.PathMatchingResourcePatternResolver - Looking for matching resources in directory tree [D:\Faculdade\2018\web\desafio 3\desafio3-spring-heroku-LucianoVelho-master\Desafio3\target\test-classes\br]
12:13:34.802 [main] DEBUG org.springframework.core.io.support.PathMatchingResourcePatternResolver - Searching directory [D:\Faculdade\2018\web\desafio 3\desafio3-spring-heroku-LucianoVelho-master\Desafio3\target\test-classes\br] for files matching pattern [D:/Faculdade/2018/web/desafio 3/desafio3-spring-heroku-LucianoVelho-master/Desafio3/target/test-classes/br/*.class]
12:13:34.803 [main] DEBUG org.springframework.core.io.support.PathMatchingResourcePatternResolver - Looking for matching resources in directory tree [D:\Faculdade\2018\web\desafio 3\desafio3-spring-heroku-LucianoVelho-master\Desafio3\target\classes\br]
12:13:34.803 [main] DEBUG org.springframework.core.io.support.PathMatchingResourcePatternResolver - Searching directory [D:\Faculdade\2018\web\desafio 3\desafio3-spring-heroku-LucianoVelho-master\Desafio3\target\classes\br] for files matching pattern [D:/Faculdade/2018/web/desafio 3/desafio3-spring-heroku-LucianoVelho-master/Desafio3/target/classes/br/*.class]
12:13:34.804 [main] DEBUG org.springframework.core.io.support.PathMatchingResourcePatternResolver - Resolved location pattern [classpath*:br/*.class] to resources []
]]></system-out>
  </testcase>
</testsuite>